Change Component Designator: Old Designator=C2 New Designator=C3
Change Component Designator: Old Designator=C3 New Designator=C4
Change Component Designator: Old Designator=C4 New Designator=C5
Change Component Designator: Old Designator=C5 New Designator=C6
Change Component Designator: Old Designator=C6 New Designator=C8
Change Component Designator: Old Designator=C8 New Designator=C9
Change Component Designator: Old Designator=C9 New Designator=C10
Change Component Designator: Old Designator=C? New Designator=C2
Change Component Designator: Old Designator=FB? New Designator=FB1
Change Component Designator: Old Designator=IC New Designator=IC1
Change Component Designator: Old Designator=IC? New Designator=IC2
Change Component Designator: Old Designator=J1 New Designator=J3
Change Component Designator: Old Designator=J1 New Designator=J4
Change Component Designator: Old Designator=J2 New Designator=J1
Change Component Designator: Old Designator=J? New Designator=J5
Change Component Designator: Old Designator=LED? New Designator=LED1
Change Component Designator: Old Designator=LED? New Designator=LED2
Change Component Designator: Old Designator=LED? New Designator=LED3
Change Component Designator: Old Designator=Q1 New Designator=Q2
Change Component Designator: Old Designator=Q New Designator=Q1
Change Component Designator: Old Designator=R3 New Designator=R6
Change Component Designator: Old Designator=R? New Designator=R3
Change Component Designator: Old Designator=R? New Designator=R4
Change Component Designator: Old Designator=R? New Designator=R5
Change Component Designator: Old Designator=TH? New Designator=TH1
Change Component Designator: Old Designator=U New Designator=U1
