Removed Pin From Net: NetName=NetD1_2 Pin=IC1-1
Removed Pin From Net: NetName=NetD1_2 Pin=IC1-2
Removed Pin From Net: NetName=GND Pin=IC1-3
Removed Pin From Net: NetName=NetC6_2 Pin=IC1-4
Removed Pin From Net: NetName=NetD1_2 Pin=IC1-5
Removed Pin From Net: NetName=NetD1_2 Pin=IC1-6
Removed Pin From Net: NetName=NetC6_2 Pin=IC1-7
Removed Member From Class: ClassName=oem_w01_schemat Member=IC1
Added Component: Designator=Q(MOSFET_DMP2066UFDE-7)
Add component. Clean all parameters for all variants
Add component (AddParameter): Name = "Availability"; Value = "Unavailable"; VariantName = "[No Variations]"
Add component (AddParameter): Name = "DigiKey-Purchase-URL"; Value = "https://snapeda.com/shop?store=DigiKey&id=488338"; VariantName = "[No Variations]"
Add component (AddParameter): Name = "MF"; Value = "Diodes Inc."; VariantName = "[No Variations]"
Add component (AddParameter): Name = "MP"; Value = "DMP2066UFDE-7"; VariantName = "[No Variations]"
Add component (AddParameter): Name = "Package"; Value = "UDFN-6 Diodes Inc."; VariantName = "[No Variations]"
Add component (AddParameter): Name = "Price"; Value = "None"; VariantName = "[No Variations]"
Add component (AddParameter): Name = "SnapEDA_Link"; Value = "https://www.snapeda.com/parts/DMP2066UFDE-7/Diodes%20Inc./view-part/488338/?ref=snap"; VariantName = "[No Variations]"
Add component (AddParameter): Name = "Value"; Value = ""; VariantName = "[No Variations]"
Added Pin To Net: NetName=NetC6_2 Pin=Q-1
Added Pin To Net: NetName=NetC6_2 Pin=Q-2
Added Pin To Net: NetName=GND Pin=Q-3
Added Pin To Net: NetName=NetD1_2 Pin=Q-4
Added Pin To Net: NetName=NetC6_2 Pin=Q-5
Added Pin To Net: NetName=NetC6_2 Pin=Q-6
Added Pin To Net: NetName=NetD1_2 Pin=Q-7
Added Member To Class: ClassName=oem_w01_schemat Member=Component J1 10118192-0001LF
Added Member To Class: ClassName=oem_w01_schemat Member=Component J2 61300911121
Added Member To Class: ClassName=oem_w01_schemat Member=Component Q DMP2066UFDE-7
Added Room: Name=oem_w01_schemat
