Removed Member From Class: ClassName=oem_w01_schemat Member=C?
Change Component Designator: OldDesignator=C2 NewDesignator=C3
Change Component Designator: OldDesignator=C3 NewDesignator=C4
Change Component Designator: OldDesignator=C4 NewDesignator=C5
Change Component Designator: OldDesignator=C5 NewDesignator=C6
Change Component Designator: OldDesignator=C6 NewDesignator=C8
Change Component Designator: OldDesignator=C8 NewDesignator=C9
Change Component Designator: OldDesignator=C9 NewDesignator=C10
Change Component Designator: OldDesignator=C? NewDesignator=C2
Change Component Designator: OldDesignator=FB? NewDesignator=FB1
Change Component Designator: OldDesignator=IC NewDesignator=IC1
Change Component Designator: OldDesignator=IC? NewDesignator=IC2
Change Component Designator: OldDesignator=J1 NewDesignator=J3
Change Component Designator: OldDesignator=J1 NewDesignator=J4
Change Component Designator: OldDesignator=J2 NewDesignator=J1
Change Component Designator: OldDesignator=J? NewDesignator=J5
Change Component Designator: OldDesignator=LED? NewDesignator=LED1
Change Component Designator: OldDesignator=LED? NewDesignator=LED2
Change Component Designator: OldDesignator=LED? NewDesignator=LED3
Change Component Designator: OldDesignator=Q1 NewDesignator=Q2
Change Component Designator: OldDesignator=Q NewDesignator=Q1
Change Component Designator: OldDesignator=R3 NewDesignator=R6
Change Component Designator: OldDesignator=R? NewDesignator=R3
Change Component Designator: OldDesignator=R? NewDesignator=R4
Change Component Designator: OldDesignator=R? NewDesignator=R5
Change Component Designator: OldDesignator=TH? NewDesignator=TH1
Change Component Designator: OldDesignator=U NewDesignator=U1
Change Net Name : Old Net Name=NetC2_1 New Net Name=NetC3_1
Change Net Name : Old Net Name=NetC2_2 New Net Name=NetC3_2
Change Net Name : Old Net Name=NetC6_2 New Net Name=NetC8_2
Change Net Name : Old Net Name=NetC?_1 New Net Name=NetC2_1
Change Net Name : Old Net Name=NetFB?_1 New Net Name=NetFB1_1
Change Net Name : Old Net Name=NetIC?_3 New Net Name=NetIC2_3
Change Net Name : Old Net Name=NetIC?_4 New Net Name=NetIC2_4
Change Net Name : Old Net Name=NetIC?_6 New Net Name=NetIC2_6
Change Net Name : Old Net Name=NetIC?_7 New Net Name=NetIC2_7
Change Net Name : Old Net Name=NetIC?_8 New Net Name=NetIC2_8
Change Net Name : Old Net Name=NetJ1_1 New Net Name=NetJ3_1
Change Net Name : Old Net Name=NetJ1_2 New Net Name=NetJ3_2
Change Net Name : Old Net Name=NetJ1_3 New Net Name=NetJ3_3
Change Net Name : Old Net Name=NetJ1_4 New Net Name=NetJ3_4
Change Net Name : Old Net Name=NetJ1_5 New Net Name=NetJ3_5
Change Net Name : Old Net Name=NetJ1_6 New Net Name=NetJ3_6
Change Net Name : Old Net Name=NetJ1_7 New Net Name=NetJ3_7
Change Net Name : Old Net Name=NetJ1_8 New Net Name=NetJ3_8
Change Net Name : Old Net Name=NetJ1_9 New Net Name=NetJ3_9
Change Net Name : Old Net Name=NetLED?_1 New Net Name=NetLED3_1
Change Net Name : Old Net Name=NetLED?_2 New Net Name=NetLED2_2
Added Pin To Net: NetName=NetJ4_4 Pin=J4-4
Added Pin To Net: NetName=NetJ4_4 Pin=J4-5
Added Pin To Net: NetName=NetJ4_4 Pin=J4-SH1
Added Net: Name=NetJ4_4
Added Pin To Net: NetName=NetLED1_1 Pin=LED1-1
Added Pin To Net: NetName=NetLED1_1 Pin=R3-2
Added Net: Name=NetLED1_1
Added Member To Class: ClassName=oem_w01_schemat Member=Component C10 10uF 10V 0603
Added Member To Class: ClassName=oem_w01_schemat Member=Component J3 61300911121
Added Member To Class: ClassName=oem_w01_schemat Member=Component J4 10118192-0001LF
Added Member To Class: ClassName=oem_w01_schemat Member=Component LED1 BLUE
Added Member To Class: ClassName=oem_w01_schemat Member=Component LED2 GREEN
Added Member To Class: ClassName=oem_w01_schemat Member=Component R4 1k_0402
Added Member To Class: ClassName=oem_w01_schemat Member=Component R6 4k_0402
Added Room: Name=oem_w01_schemat
