Removed Member From Class: ClassName=Sheet1 Member=J?
Change Component Footprint: Designator=J Old Footprint=HRS_DM3AT-SF-PEJM5 New Footprint=AMPHENOL_10118192-0001LF
Change Component Footprint: Designator=SD? Old Footprint=JAE-ST9S008V4AR1500_V New Footprint=HIRO-DM3D-SF_V
Change Component Footprint: Designator=U? Old Footprint=MICT-TG-54_N New Footprint=SOT-23-OT5_M
Change Component Comment : Designator=J Old Comment=DM3AT-SF-PEJM5 New Comment=10118192-0001LF
Change Component Comment : Designator=U? Old Comment=MT48LC16M16A2TG-75 IT New Comment=MCP73831T-2ATI/OT
Change Component Comment : Designator=SD? Old Comment=ST9S008V4AR1500 New Comment=DM3D-SF
Change component parameters: Designator = "J"; Footprint = "AMPHENOL_10118192-0001LF"; UniqueID = "\QTVPDSAG"
Change component parameters. Clean all parameters for all variants
Change component parameters (AddParameter): Name = "Availability"; Value = "Unavailable"; VariantName = "[No Variations]"
Change component parameters (AddParameter): Name = "MF"; Value = "Amphenol ICC"; VariantName = "[No Variations]"
Change component parameters (AddParameter): Name = "MP"; Value = "10118192-0001LF"; VariantName = "[No Variations]"
Change component parameters (AddParameter): Name = "Package"; Value = "None"; VariantName = "[No Variations]"
Change component parameters (AddParameter): Name = "Price"; Value = "None"; VariantName = "[No Variations]"
Change component parameters (AddParameter): Name = "SnapEDA_Link"; Value = "https://www.snapeda.com/parts/10118192-0001LF/Amphenol%20FCI/view-part/2897676/?ref=snap"; VariantName = "[No Variations]"
Change component parameters (AddParameter): Name = "Value"; Value = ""; VariantName = "[No Variations]"
Change component parameters: Designator = "U?"; Footprint = "SOT-23-OT5_M"; UniqueID = "\VCFWHVNG"
Change component parameters. Clean all parameters for all variants
Change component parameters (AddParameter): Name = "Code_IPC"; Value = "SOT23-5"; VariantName = "[No Variations]"
Change component parameters (AddParameter): Name = "DatasheetVersion"; Value = "revE, Sep-2008"; VariantName = "[No Variations]"
Change component parameters (AddParameter): Name = "PackageDescription"; Value = "5-Lead Plastic Small Outline Transistor (OT) [SOT-23]"; VariantName = "[No Variations]"
Change component parameters (AddParameter): Name = "PackageReference"; Value = "SOT-23-OT5"; VariantName = "[No Variations]"
Change component parameters (AddParameter): Name = "PackageVersion"; Value = "revBB, Aug-2009"; VariantName = "[No Variations]"
Change component parameters: Designator = "SD?"; Footprint = "HIRO-DM3D-SF_V"; UniqueID = "\LPVBCXGH"
Change component parameters. Clean all parameters for all variants
Change component parameters (AddParameter): Name = "Card Type"; Value = "SecureDigital-microSD™"; VariantName = "[No Variations]"
Change component parameters (AddParameter): Name = "Catalog Drawings"; Value = "DM3D-SF"; VariantName = "[No Variations]"
Change component parameters (AddParameter): Name = "Category"; Value = "Connectors,Interconnects"; VariantName = "[No Variations]"
Change component parameters (AddParameter): Name = "Connector Type"; Value = "Connector"; VariantName = "[No Variations]"
Change component parameters (AddParameter): Name = "Contact Finish"; Value = "Gold"; VariantName = "[No Variations]"
Change component parameters (AddParameter): Name = "Contact Finish Thickness"; Value = "-"; VariantName = "[No Variations]"
Change component parameters (AddParameter): Name = "Datasheet URL"; Value = "https://datasheet.ciiva.com/11755/0900766b80fd13c1-11755152.pdf"; VariantName = "[No Variations]"
Change component parameters (AddParameter): Name = "Datasheet Version"; Value = "06/2010"; VariantName = "[No Variations]"
Change component parameters (AddParameter): Name = "Ejector Side"; Value = "-"; VariantName = "[No Variations]"
Change component parameters (AddParameter): Name = "Family"; Value = "MemoryConnectors-PCCardSockets"; VariantName = "[No Variations]"
Change component parameters (AddParameter): Name = "Featured Product"; Value = "dm3d-series"; VariantName = "[No Variations]"
Change component parameters (AddParameter): Name = "Features"; Value = "Switch"; VariantName = "[No Variations]"
Change component parameters (AddParameter): Name = "HTML Datasheet"; Value = "DM3SeriesmicroSD.html"; VariantName = "[No Variations]"
Change component parameters (AddParameter): Name = "Insertion, Removal Method"; Value = "PushIn,PullOut"; VariantName = "[No Variations]"
Change component parameters (AddParameter): Name = "Manufacturer"; Value = "Hirose Electric"; VariantName = "[No Variations]"
Change component parameters (AddParameter): Name = "Manufacturer URL"; Value = "https://www.hirose.com"; VariantName = "[No Variations]"
Change component parameters (AddParameter): Name = "Mounting Feature"; Value = "Normal,Standard-Top"; VariantName = "[No Variations]"
Change component parameters (AddParameter): Name = "Mounting Technology"; Value = "SurfaceMount"; VariantName = "[No Variations]"
Change component parameters (AddParameter): Name = "Mounting Type"; Value = "SurfaceMount,RightAngle"; VariantName = "[No Variations]"
Change component parameters (AddParameter): Name = "Number of Positions"; Value = "10(8+2)"; VariantName = "[No Variations]"
Change component parameters (AddParameter): Name = "Online Catalog"; Value = "DM3Series"; VariantName = "[No Variations]"
Change component parameters (AddParameter): Name = "Other Names"; Value = "HR1941CT"; VariantName = "[No Variations]"
Change component parameters (AddParameter): Name = "Package Description"; Value = "8-Pin Surface Mount Device, Body 11.95 x 11.45 mm"; VariantName = "[No Variations]"
Change component parameters (AddParameter): Name = "Package Reference"; Value = "DM3D-SF"; VariantName = "[No Variations]"
Change component parameters (AddParameter): Name = "Packaging"; Value = "CutTape(CT)"; VariantName = "[No Variations]"
Change component parameters (AddParameter): Name = "Product Training Modules"; Value = "DM3SeriesmicroSDCardSockets"; VariantName = "[No Variations]"
Change component parameters (AddParameter): Name = "Series"; Value = "DM3"; VariantName = "[No Variations]"
Change component parameters (AddParameter): Name = "Standard Package"; Value = "1"; VariantName = "[No Variations]"
Added Component: Designator=D?(DIOD-POWERDI123-2_V)
Add component. Clean all parameters for all variants
Add component (AddParameter): Name = "Average Rectified Current"; Value = "1A"; VariantName = "[No Variations]"
Add component (AddParameter): Name = "Capacitance"; Value = "67pF"; VariantName = "[No Variations]"
Add component (AddParameter): Name = "Case\/Package"; Value = "SMD/SMT"; VariantName = "[No Variations]"
Add component (AddParameter): Name = "Contact Plating"; Value = "Matte"; VariantName = "[No Variations]"
Add component (AddParameter): Name = "Current Rating"; Value = "1A"; VariantName = "[No Variations]"
Add component (AddParameter): Name = "Datasheet URL"; Value = "https://www.diodes.com/assets/Datasheets/ds30548.pdf"; VariantName = "[No Variations]"
Add component (AddParameter): Name = "Datasheet Version"; Value = "Rev. 8-2, 05/2017"; VariantName = "[No Variations]"
Add component (AddParameter): Name = "Element Configuration"; Value = "Single"; VariantName = "[No Variations]"
Add component (AddParameter): Name = "Forward Current"; Value = "1A"; VariantName = "[No Variations]"
Add component (AddParameter): Name = "Forward Voltage"; Value = "500mV"; VariantName = "[No Variations]"
Add component (AddParameter): Name = "Height"; Value = "0.98mm"; VariantName = "[No Variations]"
Add component (AddParameter): Name = "Lead Free"; Value = "LeadFree"; VariantName = "[No Variations]"
Add component (AddParameter): Name = "Length"; Value = "2.8mm"; VariantName = "[No Variations]"
Add component (AddParameter): Name = "Manufacturer"; Value = "Diodes Inc"; VariantName = "[No Variations]"
Add component (AddParameter): Name = "Manufacturer URL"; Value = "http://www.diodes.com/"; VariantName = "[No Variations]"
Add component (AddParameter): Name = "Max Forward Surge Current (Ifsm)"; Value = "50A"; VariantName = "[No Variations]"
Add component (AddParameter): Name = "Max Operating Temperature"; Value = "150degC"; VariantName = "[No Variations]"
Add component (AddParameter): Name = "Max Repetitive Reverse Voltage (Vrrm)"; Value = "60V"; VariantName = "[No Variations]"
Add component (AddParameter): Name = "Min Operating Temperature"; Value = "-65degC"; VariantName = "[No Variations]"
Add component (AddParameter): Name = "Mount"; Value = "SurfaceMount"; VariantName = "[No Variations]"
Add component (AddParameter): Name = "Mounting Technology"; Value = "SurfaceMount"; VariantName = "[No Variations]"
Add component (AddParameter): Name = "Number of Pins"; Value = "2"; VariantName = "[No Variations]"
Add component (AddParameter): Name = "Output Current"; Value = "1A"; VariantName = "[No Variations]"
Add component (AddParameter): Name = "Package Description"; Value = "2-Pin Small Outline Diode, Body 2.8 x 1.78 mm"; VariantName = "[No Variations]"
Add component (AddParameter): Name = "Package Quantity"; Value = "3000"; VariantName = "[No Variations]"
Add component (AddParameter): Name = "Package Reference"; Value = "POWERDI123-2"; VariantName = "[No Variations]"
Add component (AddParameter): Name = "Packaging"; Value = "TapeandReel"; VariantName = "[No Variations]"
Add component (AddParameter): Name = "Peak Non-Repetitive Surge Current"; Value = "50A"; VariantName = "[No Variations]"
Add component (AddParameter): Name = "Peak Reverse Current"; Value = "100uA"; VariantName = "[No Variations]"
Add component (AddParameter): Name = "Polarity"; Value = "Standard"; VariantName = "[No Variations]"
Add component (AddParameter): Name = "Radiation Hardening"; Value = "No"; VariantName = "[No Variations]"
Add component (AddParameter): Name = "REACH SVHC"; Value = "NoSVHC"; VariantName = "[No Variations]"
Add component (AddParameter): Name = "Reverse Voltage (DC)"; Value = "60V"; VariantName = "[No Variations]"
Add component (AddParameter): Name = "RoHSCompliant"; Value = "true"; VariantName = "[No Variations]"
Add component (AddParameter): Name = "Termination"; Value = "SMD/SMT"; VariantName = "[No Variations]"
Add component (AddParameter): Name = "Voltage Rating (DC)"; Value = "60V"; VariantName = "[No Variations]"
Add component (AddParameter): Name = "Width"; Value = "1.78mm"; VariantName = "[No Variations]"
Added Component: Designator=IC(SSOP28-LD)
Add component. Clean all parameters for all variants
Add component (AddParameter): Name = "Availability"; Value = "Unavailable"; VariantName = "[No Variations]"
Add component (AddParameter): Name = "MF"; Value = "FTDI, Future"; VariantName = "[No Variations]"
Add component (AddParameter): Name = "MP"; Value = "FT232RL"; VariantName = "[No Variations]"
Add component (AddParameter): Name = "Package"; Value = "SSOP-28 FTDI, Future"; VariantName = "[No Variations]"
Add component (AddParameter): Name = "Price"; Value = "None"; VariantName = "[No Variations]"
Add component (AddParameter): Name = "SnapEDA_Link"; Value = "https://www.snapeda.com/parts/FT232RL/FTDI%2C%20Future%20Technology%20Devices%20International%20Ltd/view-part/1077088/?ref=snap"; VariantName = "[No Variations]"
Add component (AddParameter): Name = "Value"; Value = ""; VariantName = "[No Variations]"
Added Component: Designator=Q?(DIOD-TO252-3_V)
Add component. Clean all parameters for all variants
Add component (AddParameter): Name = "ComponentLink1Description"; Value = "Datasheet"; VariantName = "[No Variations]"
Add component (AddParameter): Name = "ComponentLink1URL"; Value = "http://www.diodes.com/_files/datasheets/ZXMP10A18K.pdf"; VariantName = "[No Variations]"
Add component (AddParameter): Name = "Manufacturer"; Value = "Zetex"; VariantName = "[No Variations]"
Add component (AddParameter): Name = "PackageReference"; Value = "TO252"; VariantName = "[No Variations]"
Add component (AddParameter): Name = "PartNumber"; Value = "ZXMP10A18KTC"; VariantName = "[No Variations]"
Added Pin To Net: NetName=GND Pin=IC-7
Added Pin To Net: NetName=GND Pin=IC-18
Added Pin To Net: NetName=GND Pin=IC-21
Added Pin To Net: NetName=GND Pin=IC-25
Added Pin To Net: NetName=GND Pin=J-4
Added Pin To Net: NetName=GND Pin=J-5
Added Pin To Net: NetName=GND Pin=J-SH1
Added Pin To Net: NetName=GND Pin=J-SH2
Added Pin To Net: NetName=GND Pin=J-SH3
Added Pin To Net: NetName=GND Pin=J-SH4
Added Pin To Net: NetName=GND Pin=J-SH5
Added Pin To Net: NetName=GND Pin=J-SH6
Added Pin To Net: NetName=VDD33 Pin=SD?-4
Added Pin To Net: NetName=GND Pin=SD?-6
Added Pin To Net: NetName=GND Pin=U?-2
Added Pin To Net: NetName=CMD Pin=SD?-3
Added Net: Name=CMD
Added Pin To Net: NetName=D+ Pin=IC-15
Added Pin To Net: NetName=D+ Pin=J-3
Added Net: Name=D+
Added Pin To Net: NetName=D- Pin=IC-16
Added Pin To Net: NetName=D- Pin=J-2
Added Net: Name=D-
Added Pin To Net: NetName=NetD?_2 Pin=D?-2
Added Pin To Net: NetName=NetD?_2 Pin=Q?-3
Added Net: Name=NetD?_2
Added Pin To Net: NetName=NetR?_2 Pin=U?-5
Added Net: Name=NetR?_2
Added Pin To Net: NetName=RXD Pin=IC-5
Added Net: Name=RXD
Added Pin To Net: NetName=SD_CLK Pin=SD?-5
Added Net: Name=SD_CLK
Added Pin To Net: NetName=SD_DATA0 Pin=SD?-7
Added Net: Name=SD_DATA0
Added Pin To Net: NetName=SD_DATA1 Pin=SD?-8
Added Net: Name=SD_DATA1
Added Pin To Net: NetName=SD_DATA2 Pin=SD?-1
Added Net: Name=SD_DATA2
Added Pin To Net: NetName=SD_DATA3 Pin=SD?-2
Added Net: Name=SD_DATA3
Added Pin To Net: NetName=TXD Pin=IC-1
Added Net: Name=TXD
Added Pin To Net: NetName=VUSB Pin=D?-1
Added Pin To Net: NetName=VUSB Pin=IC-4
Added Pin To Net: NetName=VUSB Pin=IC-20
Added Pin To Net: NetName=VUSB Pin=J-1
Added Pin To Net: NetName=VUSB Pin=Q?-1
Added Pin To Net: NetName=VUSB Pin=U?-4
Added Net: Name=VUSB
Change Class Name : Old Net Name=Sheet1 New Net Name=oem_w01_schemat
Added Member To Class: ClassName=oem_w01_schemat Member=Component D? DFLS160-7
Added Member To Class: ClassName=oem_w01_schemat Member=Component IC FT232RL
Added Member To Class: ClassName=oem_w01_schemat Member=Component Q? ZXMP10A18KTC
Added Member To Class: ClassName=oem_w01_schemat Member=Component U? MCP73831T-2ATI/OT
Added Room: Name=oem_w01_schemat
