Removed Pin From Net: NetName=GND Pin=Q1-3
Removed Pin From Net: NetName=VUSB Pin=Q2-1
Removed Pin From Net: NetName=NetC7_2 Pin=Q2-2
Removed Pin From Net: NetName=NetD1_2 Pin=Q2-3
Added Component: Designator=C11(CAPC0603(1608)100_L)
Add component. Clean all parameters for all variants
Add component (AddParameter): Name = "Case-EIA"; Value = "0603"; VariantName = "[No Variations]"
Add component (AddParameter): Name = "Case-Metric"; Value = "1608"; VariantName = "[No Variations]"
Add component (AddParameter): Name = "Max Thickness"; Value = "1 mm"; VariantName = "[No Variations]"
Add component (AddParameter): Name = "Rated Voltage"; Value = "10 V"; VariantName = "[No Variations]"
Add component (AddParameter): Name = "Technology"; Value = "SMT"; VariantName = "[No Variations]"
Add component (AddParameter): Name = "Tolerance"; Value = "±20%"; VariantName = "[No Variations]"
Add component (AddParameter): Name = "Value"; Value = "1uF"; VariantName = "[No Variations]"
Added Component: Designator=R7(RESC1005X40N)
Add component. Clean all parameters for all variants
Add component (AddParameter): Name = "Arrow Part Number"; Value = "CR0402-FX-2002GLF"; VariantName = "[No Variations]"
Add component (AddParameter): Name = "Arrow Price/Stock"; Value = ""; VariantName = "[No Variations]"
Add component (AddParameter): Name = "Datasheet Link"; Value = "https://www.bourns.com/pdfs/CR0402.pdf"; VariantName = "[No Variations]"
Add component (AddParameter): Name = "Height"; Value = "0.4mm"; VariantName = "[No Variations]"
Add component (AddParameter): Name = "Manufacturer_Name"; Value = "Bourns"; VariantName = "[No Variations]"
Add component (AddParameter): Name = "Manufacturer_Part_Number"; Value = "CR0402-FX-2002GLF"; VariantName = "[No Variations]"
Add component (AddParameter): Name = "Mouser Part Number"; Value = "652-CR0402FX-2002GLF"; VariantName = "[No Variations]"
Add component (AddParameter): Name = "Mouser Price/Stock"; Value = "https://www.mouser.com/Search/Refine.aspx?Keyword=652-CR0402FX-2002GLF"; VariantName = "[No Variations]"
Added Component: Designator=R8(RESC1005X40N)
Add component. Clean all parameters for all variants
Add component (AddParameter): Name = "Arrow Part Number"; Value = "CR0402-FX-2002GLF"; VariantName = "[No Variations]"
Add component (AddParameter): Name = "Arrow Price/Stock"; Value = ""; VariantName = "[No Variations]"
Add component (AddParameter): Name = "Datasheet Link"; Value = "https://www.bourns.com/pdfs/CR0402.pdf"; VariantName = "[No Variations]"
Add component (AddParameter): Name = "Height"; Value = "0.4mm"; VariantName = "[No Variations]"
Add component (AddParameter): Name = "Manufacturer_Name"; Value = "Bourns"; VariantName = "[No Variations]"
Add component (AddParameter): Name = "Manufacturer_Part_Number"; Value = "CR0402-FX-2002GLF"; VariantName = "[No Variations]"
Add component (AddParameter): Name = "Mouser Part Number"; Value = "652-CR0402FX-2002GLF"; VariantName = "[No Variations]"
Add component (AddParameter): Name = "Mouser Price/Stock"; Value = "https://www.mouser.com/Search/Refine.aspx?Keyword=652-CR0402FX-2002GLF"; VariantName = "[No Variations]"
Added Pin To Net: NetName=NetD1_2 Pin=C8-2
Added Pin To Net: NetName=GND Pin=C11-1
Added Pin To Net: NetName=NetD1_2 Pin=PS1-A2
Added Pin To Net: NetName=NetD1_2 Pin=PS1-B1
Added Pin To Net: NetName=NetD1_2 Pin=PS1-C1
Added Pin To Net: NetName=VUSB Pin=Q1-3
Added Pin To Net: NetName=NetC7_2 Pin=Q1-4
Added Pin To Net: NetName=NetC7_2 Pin=Q1-7
Added Pin To Net: NetName=NetC7_2 Pin=R7-2
Added Pin To Net: NetName=GND Pin=R8-1
Change Net Name : Old Net Name=NetC7_2 New Net Name=VBAT+
Change Net Name : Old Net Name=NetD1_2 New Net Name=NetC8_2
Added Pin To Net: NetName=NetC11_2 Pin=C11-2
Added Pin To Net: NetName=NetC11_2 Pin=R7-1
Added Net: Name=NetC11_2
Added Net: Name=NetIC3_1
Added Pin To Net: NetName=NetIC3_2 Pin=R8-2
Added Net: Name=NetIC3_2
Added Net: Name=NetIC3_3
Added Net: Name=NetQ2_5
Added Member To Class: ClassName=oem_w01_schemat Member=Component C11 100nF 0603
Added Member To Class: ClassName=oem_w01_schemat Member=Component R7 470_0402
Added Member To Class: ClassName=oem_w01_schemat Member=Component R8 2k_0402
Added Room: Name=oem_w01_schemat
